<?xml version="1.0" encoding="UTF-8"?>
<testsuite xmlns:xsi="http://www.w3.org/2001/XMLSchema-instance" xsi:noNamespaceSchemaLocation="https://maven.apache.org/surefire/maven-surefire-plugin/xsd/surefire-test-report.xsd" version="3.0.1" name="model.dao.CategoryManagerTest" time="0.987" tests="23" errors="0" skipped="0" failures="0">
  <properties>
[...]
</properties>
  <testcase name="testCategoryNameExistsExcept" classname="model.dao.CategoryManagerTest" time="0.038"/>
  <testcase name="testFindByCategoryId_NotExists" classname="model.dao.CategoryManagerTest" time="0.004"/>
  <testcase name="testGetCustomCategoryCount" classname="model.dao.CategoryManagerTest" time="0.061"/>
  <testcase name="testGetFamilyCategories" classname="model.dao.CategoryManagerTest" time="0.012"/>
  <testcase name="testGetCategoryCountByType" classname="model.dao.CategoryManagerTest" time="0.033"/>
  <testcase name="testGetCategoryCount" classname="model.dao.CategoryManagerTest" time="0.032"/>
  <testcase name="testCreateCategory_DuplicateName" classname="model.dao.CategoryManagerTest" time="0.005"/>
  <testcase name="testDeleteCategory_CannotDeleteDefault" classname="model.dao.CategoryManagerTest" time="0.003"/>
  <testcase name="testCreateCategory_IncomeType" classname="model.dao.CategoryManagerTest" time="0.005"/>
  <testcase name="testCreateCategory_ExpenseType" classname="model.dao.CategoryManagerTest" time="0.004"/>
  <testcase name="testUpdateCategory" classname="model.dao.CategoryManagerTest" time="0.003"/>
  <testcase name="testCreateCategory_DateFormat" classname="model.dao.CategoryManagerTest" time="0.004"/>
  <testcase name="testFindByCategoryId_Exists" classname="model.dao.CategoryManagerTest" time="0.003"/>
  <testcase name="testGetCategoryCount_OnlyActiveCounted" classname="model.dao.CategoryManagerTest" time="0.023"/>
  <testcase name="testCategoryNameExists" classname="model.dao.CategoryManagerTest" time="0.005"/>
  <testcase name="testCreateCategory_SameNameDifferentFamily" classname="model.dao.CategoryManagerTest" time="0.027"/>
  <testcase name="testDeleteCategory" classname="model.dao.CategoryManagerTest" time="0.006"/>
  <testcase name="testUpdateCategory_CannotUpdateDefault" classname="model.dao.CategoryManagerTest" time="0.0"/>
  <testcase name="testCreateCategory_DefaultCategory" classname="model.dao.CategoryManagerTest" time="0.007"/>
  <testcase name="testFindByCategoryId_OnlyActive" classname="model.dao.CategoryManagerTest" time="0.0"/>
  <testcase name="testCreateCategory_Success" classname="model.dao.CategoryManagerTest" time="0.007"/>
  <testcase name="testGetCategoriesByType" classname="model.dao.CategoryManagerTest" time="0.041"/>
  <testcase name="testInitialiseFamilyDefaultCategories" classname="model.dao.CategoryManagerTest" time="0.14"/>
</testsuite>